This file contains any messages produced by compilers while
running configure, to aid debugging if configure makes a mistake.

It was created by Gordon-Text_utils-Library configure 0.7, which was
generated by GNU Autoconf 2.69.  Invocation command line was

  $ ./configure 

## --------- ##
## Platform. ##
## --------- ##

hostname = dhcp-148-198.pfc.forestry.ca
uname -m = x86_64
uname -r = 3.10.0-229.el7.x86_64
uname -s = Linux
uname -v = #1 SMP Fri Mar 6 11:36:42 UTC 2015

/usr/bin/uname -p = x86_64
/bin/uname -X     = unknown

/bin/arch              = x86_64
/usr/bin/arch -k       = unknown
/usr/convex/getsysinfo = unknown
/usr/bin/hostinfo      = unknown
/bin/machine           = unknown
/usr/bin/oslevel       = unknown
/bin/universe          = unknown

PATH: /sbin
PATH: /bin
PATH: /usr/sbin
PATH: /usr/bin


## ----------- ##
## Core tests. ##
## ----------- ##

configure:2308: checking for a BSD-compatible install
configure:2376: result: /bin/install -c
configure:2387: checking whether build environment is sane
configure:2442: result: yes
configure:2480: WARNING: 'missing' script is too old or missing
configure:2593: checking for a thread-safe mkdir -p
configure:2632: result: /bin/mkdir -p
configure:2639: checking for gawk
configure:2655: found /bin/gawk
configure:2666: result: gawk
configure:2677: checking whether make sets $(MAKE)
configure:2699: result: yes
configure:2728: checking whether make supports nested variables
configure:2745: result: yes
configure:2883: checking for gcc
configure:2899: found /bin/gcc
configure:2910: result: gcc
configure:3139: checking for C compiler version
configure:3148: gcc --version >&5
gcc (GCC) 4.8.5 20150623 (Red Hat 4.8.5-4)
Copyright (C) 2015 Free Software Foundation, Inc.
This is free software; see the source for copying conditions.  There is NO
warranty; not even for MERCHANTABILITY or FITNESS FOR A PARTICULAR PURPOSE.

configure:3159: $? = 0
configure:3148: gcc -v >&5
Using built-in specs.
COLLECT_GCC=gcc
COLLECT_LTO_WRAPPER=/usr/libexec/gcc/x86_64-redhat-linux/4.8.5/lto-wrapper
Target: x86_64-redhat-linux
Configured with: ../configure --prefix=/usr --mandir=/usr/share/man --infodir=/usr/share/info --with-bugurl=http://bugzilla.redhat.com/bugzilla --enable-bootstrap --enable-shared --enable-threads=posix --enable-checking=release --with-system-zlib --enable-__cxa_atexit --disable-libunwind-exceptions --enable-gnu-unique-object --enable-linker-build-id --with-linker-hash-style=gnu --enable-languages=c,c++,objc,obj-c++,java,fortran,ada,go,lto --enable-plugin --enable-initfini-array --disable-libgcj --with-isl=/builddir/build/BUILD/gcc-4.8.5-20150702/obj-x86_64-redhat-linux/isl-install --with-cloog=/builddir/build/BUILD/gcc-4.8.5-20150702/obj-x86_64-redhat-linux/cloog-install --enable-gnu-indirect-function --with-tune=generic --with-arch_32=x86-64 --build=x86_64-redhat-linux
Thread model: posix
gcc version 4.8.5 20150623 (Red Hat 4.8.5-4) (GCC) 
configure:3159: $? = 0
configure:3148: gcc -V >&5
gcc: error: unrecognized command line option '-V'
gcc: fatal error: no input files
compilation terminated.
configure:3159: $? = 4
configure:3148: gcc -qversion >&5
gcc: error: unrecognized command line option '-qversion'
gcc: fatal error: no input files
compilation terminated.
configure:3159: $? = 4
configure:3179: checking whether the C compiler works
configure:3201: gcc    conftest.c  >&5
configure:3205: $? = 0
configure:3253: result: yes
configure:3256: checking for C compiler default output file name
configure:3258: result: a.out
configure:3264: checking for suffix of executables
configure:3271: gcc -o conftest    conftest.c  >&5
configure:3275: $? = 0
configure:3297: result: 
configure:3319: checking whether we are cross compiling
configure:3327: gcc -o conftest    conftest.c  >&5
configure:3331: $? = 0
configure:3338: ./conftest
configure:3342: $? = 0
configure:3357: result: no
configure:3362: checking for suffix of object files
configure:3384: gcc -c   conftest.c >&5
configure:3388: $? = 0
configure:3409: result: o
configure:3413: checking whether we are using the GNU C compiler
configure:3432: gcc -c   conftest.c >&5
configure:3432: $? = 0
configure:3441: result: yes
configure:3450: checking whether gcc accepts -g
configure:3470: gcc -c -g  conftest.c >&5
configure:3470: $? = 0
configure:3511: result: yes
configure:3528: checking for gcc option to accept ISO C89
configure:3591: gcc  -c -g -O2  conftest.c >&5
configure:3591: $? = 0
configure:3604: result: none needed
configure:3635: checking for style of include used by make
configure:3663: result: GNU
configure:3689: checking dependency style of gcc
configure:3800: result: gcc3
configure:3873: checking for g++
configure:3889: found /bin/g++
configure:3900: result: g++
configure:3927: checking for C++ compiler version
configure:3936: g++ --version >&5
g++ (GCC) 4.8.5 20150623 (Red Hat 4.8.5-4)
Copyright (C) 2015 Free Software Foundation, Inc.
This is free software; see the source for copying conditions.  There is NO
warranty; not even for MERCHANTABILITY or FITNESS FOR A PARTICULAR PURPOSE.

configure:3947: $? = 0
configure:3936: g++ -v >&5
Using built-in specs.
COLLECT_GCC=g++
COLLECT_LTO_WRAPPER=/usr/libexec/gcc/x86_64-redhat-linux/4.8.5/lto-wrapper
Target: x86_64-redhat-linux
Configured with: ../configure --prefix=/usr --mandir=/usr/share/man --infodir=/usr/share/info --with-bugurl=http://bugzilla.redhat.com/bugzilla --enable-bootstrap --enable-shared --enable-threads=posix --enable-checking=release --with-system-zlib --enable-__cxa_atexit --disable-libunwind-exceptions --enable-gnu-unique-object --enable-linker-build-id --with-linker-hash-style=gnu --enable-languages=c,c++,objc,obj-c++,java,fortran,ada,go,lto --enable-plugin --enable-initfini-array --disable-libgcj --with-isl=/builddir/build/BUILD/gcc-4.8.5-20150702/obj-x86_64-redhat-linux/isl-install --with-cloog=/builddir/build/BUILD/gcc-4.8.5-20150702/obj-x86_64-redhat-linux/cloog-install --enable-gnu-indirect-function --with-tune=generic --with-arch_32=x86-64 --build=x86_64-redhat-linux
Thread model: posix
gcc version 4.8.5 20150623 (Red Hat 4.8.5-4) (GCC) 
configure:3947: $? = 0
configure:3936: g++ -V >&5
g++: error: unrecognized command line option '-V'
g++: fatal error: no input files
compilation terminated.
configure:3947: $? = 4
configure:3936: g++ -qversion >&5
g++: error: unrecognized command line option '-qversion'
g++: fatal error: no input files
compilation terminated.
configure:3947: $? = 4
configure:3951: checking whether we are using the GNU C++ compiler
configure:3970: g++ -c   conftest.cpp >&5
configure:3970: $? = 0
configure:3979: result: yes
configure:3988: checking whether g++ accepts -g
configure:4008: g++ -c -g  conftest.cpp >&5
configure:4008: $? = 0
configure:4049: result: yes
configure:4074: checking dependency style of g++
configure:4185: result: gcc3
configure:4229: checking build system type
configure:4243: result: x86_64-unknown-linux-gnu
configure:4263: checking host system type
configure:4276: result: x86_64-unknown-linux-gnu
configure:4317: checking how to print strings
configure:4344: result: printf
configure:4365: checking for a sed that does not truncate output
configure:4429: result: /bin/sed
configure:4447: checking for grep that handles long lines and -e
configure:4505: result: /bin/grep
configure:4510: checking for egrep
configure:4572: result: /bin/grep -E
configure:4577: checking for fgrep
configure:4639: result: /bin/grep -F
configure:4674: checking for ld used by gcc
configure:4741: result: /bin/ld
configure:4748: checking if the linker (/bin/ld) is GNU ld
configure:4763: result: yes
configure:4775: checking for BSD- or MS-compatible name lister (nm)
configure:4824: result: /bin/nm -B
configure:4954: checking the name lister (/bin/nm -B) interface
configure:4961: gcc -c -g -O2  conftest.c >&5
configure:4964: /bin/nm -B "conftest.o"
configure:4967: output
0000000000000000 B some_variable
configure:4974: result: BSD nm
configure:4977: checking whether ln -s works
configure:4981: result: yes
configure:4989: checking the maximum length of command line arguments
configure:5119: result: 1572864
configure:5136: checking whether the shell understands some XSI constructs
configure:5146: result: yes
configure:5150: checking whether the shell understands "+="
configure:5156: result: yes
configure:5191: checking how to convert x86_64-unknown-linux-gnu file names to x86_64-unknown-linux-gnu format
configure:5231: result: func_convert_file_noop
configure:5238: checking how to convert x86_64-unknown-linux-gnu file names to toolchain format
configure:5258: result: func_convert_file_noop
configure:5265: checking for /bin/ld option to reload object files
configure:5272: result: -r
configure:5346: checking for objdump
configure:5362: found /bin/objdump
configure:5373: result: objdump
configure:5405: checking how to recognize dependent libraries
configure:5607: result: pass_all
configure:5692: checking for dlltool
configure:5722: result: no
configure:5752: checking how to associate runtime and link libraries
configure:5779: result: printf %s\n
configure:5840: checking for ar
configure:5856: found /bin/ar
configure:5867: result: ar
configure:5904: checking for archiver @FILE support
configure:5921: gcc -c -g -O2  conftest.c >&5
configure:5921: $? = 0
configure:5924: ar cru libconftest.a @conftest.lst >&5
configure:5927: $? = 0
configure:5932: ar cru libconftest.a @conftest.lst >&5
ar: conftest.o: No such file or directory
configure:5935: $? = 1
configure:5947: result: @
configure:6005: checking for strip
configure:6021: found /bin/strip
configure:6032: result: strip
configure:6104: checking for ranlib
configure:6120: found /bin/ranlib
configure:6131: result: ranlib
configure:6233: checking command to parse /bin/nm -B output from gcc object
configure:6353: gcc -c -g -O2  conftest.c >&5
configure:6356: $? = 0
configure:6360: /bin/nm -B conftest.o \| sed -n -e 's/^.*[ ]\([ABCDGIRSTW][ABCDGIRSTW]*\)[ ][ ]*\([_A-Za-z][_A-Za-z0-9]*\)$/\1 \2 \2/p' | sed '/ __gnu_lto/d' \> conftest.nm
configure:6363: $? = 0
configure:6429: gcc -o conftest -g -O2   conftest.c conftstm.o >&5
configure:6432: $? = 0
configure:6470: result: ok
configure:6507: checking for sysroot
configure:6537: result: no
configure:6614: gcc -c -g -O2  conftest.c >&5
configure:6617: $? = 0
configure:6793: checking for mt
configure:6823: result: no
configure:6843: checking if : is a manifest tool
configure:6849: : '-?'
configure:6857: result: no
configure:7499: checking how to run the C preprocessor
configure:7530: gcc -E  conftest.c
configure:7530: $? = 0
configure:7544: gcc -E  conftest.c
conftest.c:11:28: fatal error: ac_nonexistent.h: No such file or directory
 #include <ac_nonexistent.h>
                            ^
compilation terminated.
configure:7544: $? = 1
configure: failed program was:
| /* confdefs.h */
| #define PACKAGE_NAME "Gordon-Text_utils-Library"
| #define PACKAGE_TARNAME "libgtextutils"
| #define PACKAGE_VERSION "0.7"
| #define PACKAGE_STRING "Gordon-Text_utils-Library 0.7"
| #define PACKAGE_BUGREPORT "A. Gordon assafgordon@gmail.com"
| #define PACKAGE_URL ""
| #define PACKAGE "libgtextutils"
| #define VERSION "0.7"
| /* end confdefs.h.  */
| #include <ac_nonexistent.h>
configure:7569: result: gcc -E
configure:7589: gcc -E  conftest.c
configure:7589: $? = 0
configure:7603: gcc -E  conftest.c
conftest.c:11:28: fatal error: ac_nonexistent.h: No such file or directory
 #include <ac_nonexistent.h>
                            ^
compilation terminated.
configure:7603: $? = 1
configure: failed program was:
| /* confdefs.h */
| #define PACKAGE_NAME "Gordon-Text_utils-Library"
| #define PACKAGE_TARNAME "libgtextutils"
| #define PACKAGE_VERSION "0.7"
| #define PACKAGE_STRING "Gordon-Text_utils-Library 0.7"
| #define PACKAGE_BUGREPORT "A. Gordon assafgordon@gmail.com"
| #define PACKAGE_URL ""
| #define PACKAGE "libgtextutils"
| #define VERSION "0.7"
| /* end confdefs.h.  */
| #include <ac_nonexistent.h>
configure:7632: checking for ANSI C header files
configure:7652: gcc -c -g -O2  conftest.c >&5
configure:7652: $? = 0
configure:7725: gcc -o conftest -g -O2   conftest.c  >&5
configure:7725: $? = 0
configure:7725: ./conftest
configure:7725: $? = 0
configure:7736: result: yes
configure:7749: checking for sys/types.h
configure:7749: gcc -c -g -O2  conftest.c >&5
configure:7749: $? = 0
configure:7749: result: yes
configure:7749: checking for sys/stat.h
configure:7749: gcc -c -g -O2  conftest.c >&5
configure:7749: $? = 0
configure:7749: result: yes
configure:7749: checking for stdlib.h
configure:7749: gcc -c -g -O2  conftest.c >&5
configure:7749: $? = 0
configure:7749: result: yes
configure:7749: checking for string.h
configure:7749: gcc -c -g -O2  conftest.c >&5
configure:7749: $? = 0
configure:7749: result: yes
configure:7749: checking for memory.h
configure:7749: gcc -c -g -O2  conftest.c >&5
configure:7749: $? = 0
configure:7749: result: yes
configure:7749: checking for strings.h
configure:7749: gcc -c -g -O2  conftest.c >&5
configure:7749: $? = 0
configure:7749: result: yes
configure:7749: checking for inttypes.h
configure:7749: gcc -c -g -O2  conftest.c >&5
configure:7749: $? = 0
configure:7749: result: yes
configure:7749: checking for stdint.h
configure:7749: gcc -c -g -O2  conftest.c >&5
configure:7749: $? = 0
configure:7749: result: yes
configure:7749: checking for unistd.h
configure:7749: gcc -c -g -O2  conftest.c >&5
configure:7749: $? = 0
configure:7749: result: yes
configure:7763: checking for dlfcn.h
configure:7763: gcc -c -g -O2  conftest.c >&5
configure:7763: $? = 0
configure:7763: result: yes
configure:7980: checking for objdir
configure:7995: result: .libs
configure:8266: checking if gcc supports -fno-rtti -fno-exceptions
configure:8284: gcc -c -g -O2  -fno-rtti -fno-exceptions conftest.c >&5
cc1: warning: command line option '-fno-rtti' is valid for C++/ObjC++ but not for C [enabled by default]
configure:8288: $? = 0
configure:8301: result: no
configure:8628: checking for gcc option to produce PIC
configure:8635: result: -fPIC -DPIC
configure:8643: checking if gcc PIC flag -fPIC -DPIC works
configure:8661: gcc -c -g -O2  -fPIC -DPIC -DPIC conftest.c >&5
configure:8665: $? = 0
configure:8678: result: yes
configure:8707: checking if gcc static flag -static works
configure:8735: result: no
configure:8750: checking if gcc supports -c -o file.o
configure:8771: gcc -c -g -O2  -o out/conftest2.o conftest.c >&5
configure:8775: $? = 0
configure:8797: result: yes
configure:8805: checking if gcc supports -c -o file.o
configure:8852: result: yes
configure:8885: checking whether the gcc linker (/bin/ld -m elf_x86_64) supports shared libraries
configure:10038: result: yes
configure:10075: checking whether -lc should be explicitly linked in
configure:10083: gcc -c -g -O2  conftest.c >&5
configure:10086: $? = 0
configure:10101: gcc -shared  -fPIC -DPIC conftest.o  -v -Wl,-soname -Wl,conftest -o conftest 2\>\&1 \| /bin/grep  -lc  \>/dev/null 2\>\&1
configure:10104: $? = 0
configure:10118: result: no
configure:10278: checking dynamic linker characteristics
configure:10789: gcc -o conftest -g -O2   -Wl,-rpath -Wl,/foo conftest.c  >&5
configure:10789: $? = 0
configure:11015: result: GNU/Linux ld.so
configure:11122: checking how to hardcode library paths into programs
configure:11147: result: immediate
configure:11687: checking whether stripping libraries is possible
configure:11692: result: yes
configure:11727: checking if libtool supports shared libraries
configure:11729: result: yes
configure:11732: checking whether to build shared libraries
configure:11753: result: yes
configure:11756: checking whether to build static libraries
configure:11760: result: yes
configure:11783: checking how to run the C++ preprocessor
configure:11810: g++ -E  conftest.cpp
configure:11810: $? = 0
configure:11824: g++ -E  conftest.cpp
conftest.cpp:23:28: fatal error: ac_nonexistent.h: No such file or directory
 #include <ac_nonexistent.h>
                            ^
compilation terminated.
configure:11824: $? = 1
configure: failed program was:
| /* confdefs.h */
| #define PACKAGE_NAME "Gordon-Text_utils-Library"
| #define PACKAGE_TARNAME "libgtextutils"
| #define PACKAGE_VERSION "0.7"
| #define PACKAGE_STRING "Gordon-Text_utils-Library 0.7"
| #define PACKAGE_BUGREPORT "A. Gordon assafgordon@gmail.com"
| #define PACKAGE_URL ""
| #define PACKAGE "libgtextutils"
| #define VERSION "0.7"
| #define STDC_HEADERS 1
| #define HAVE_SYS_TYPES_H 1
| #define HAVE_SYS_STAT_H 1
| #define HAVE_STDLIB_H 1
| #define HAVE_STRING_H 1
| #define HAVE_MEMORY_H 1
| #define HAVE_STRINGS_H 1
| #define HAVE_INTTYPES_H 1
| #define HAVE_STDINT_H 1
| #define HAVE_UNISTD_H 1
| #define HAVE_DLFCN_H 1
| #define LT_OBJDIR ".libs/"
| /* end confdefs.h.  */
| #include <ac_nonexistent.h>
configure:11849: result: g++ -E
configure:11869: g++ -E  conftest.cpp
configure:11869: $? = 0
configure:11883: g++ -E  conftest.cpp
conftest.cpp:23:28: fatal error: ac_nonexistent.h: No such file or directory
 #include <ac_nonexistent.h>
                            ^
compilation terminated.
configure:11883: $? = 1
configure: failed program was:
| /* confdefs.h */
| #define PACKAGE_NAME "Gordon-Text_utils-Library"
| #define PACKAGE_TARNAME "libgtextutils"
| #define PACKAGE_VERSION "0.7"
| #define PACKAGE_STRING "Gordon-Text_utils-Library 0.7"
| #define PACKAGE_BUGREPORT "A. Gordon assafgordon@gmail.com"
| #define PACKAGE_URL ""
| #define PACKAGE "libgtextutils"
| #define VERSION "0.7"
| #define STDC_HEADERS 1
| #define HAVE_SYS_TYPES_H 1
| #define HAVE_SYS_STAT_H 1
| #define HAVE_STDLIB_H 1
| #define HAVE_STRING_H 1
| #define HAVE_MEMORY_H 1
| #define HAVE_STRINGS_H 1
| #define HAVE_INTTYPES_H 1
| #define HAVE_STDINT_H 1
| #define HAVE_UNISTD_H 1
| #define HAVE_DLFCN_H 1
| #define LT_OBJDIR ".libs/"
| /* end confdefs.h.  */
| #include <ac_nonexistent.h>
configure:12052: checking for ld used by g++
configure:12119: result: /bin/ld -m elf_x86_64
configure:12126: checking if the linker (/bin/ld -m elf_x86_64) is GNU ld
configure:12141: result: yes
configure:12196: checking whether the g++ linker (/bin/ld -m elf_x86_64) supports shared libraries
configure:13201: result: yes
configure:13237: g++ -c -g -O2  conftest.cpp >&5
configure:13240: $? = 0
configure:13760: checking for g++ option to produce PIC
configure:13767: result: -fPIC -DPIC
configure:13775: checking if g++ PIC flag -fPIC -DPIC works
configure:13793: g++ -c -g -O2  -fPIC -DPIC -DPIC conftest.cpp >&5
configure:13797: $? = 0
configure:13810: result: yes
configure:13833: checking if g++ static flag -static works
configure:13861: result: no
configure:13873: checking if g++ supports -c -o file.o
configure:13894: g++ -c -g -O2  -o out/conftest2.o conftest.cpp >&5
configure:13898: $? = 0
configure:13920: result: yes
configure:13925: checking if g++ supports -c -o file.o
configure:13972: result: yes
configure:14002: checking whether the g++ linker (/bin/ld -m elf_x86_64) supports shared libraries
configure:14038: result: yes
configure:14179: checking dynamic linker characteristics
configure:14850: result: GNU/Linux ld.so
configure:14903: checking how to hardcode library paths into programs
configure:14928: result: immediate
configure:15166: checking that generated files are newer than configure
configure:15172: result: done
configure:15203: creating ./config.status

## ---------------------- ##
## Running config.status. ##
## ---------------------- ##

This file was extended by Gordon-Text_utils-Library config.status 0.7, which was
generated by GNU Autoconf 2.69.  Invocation command line was

  CONFIG_FILES    = 
  CONFIG_HEADERS  = 
  CONFIG_LINKS    = 
  CONFIG_COMMANDS = 
  $ ./config.status 

on dhcp-148-198.pfc.forestry.ca

config.status:1155: creating Makefile
config.status:1155: creating doc/Makefile
config.status:1155: creating m4/Makefile
config.status:1155: creating src/Makefile
config.status:1155: creating src/gtextutils/Makefile
config.status:1155: creating gtextutils.pc
config.status:1155: creating tests/Makefile
config.status:1155: creating config.h
config.status:1336: config.h is unchanged
config.status:1384: executing depfiles commands
config.status:1384: executing libtool commands

## ---------------- ##
## Cache variables. ##
## ---------------- ##

ac_cv_build=x86_64-unknown-linux-gnu
ac_cv_c_compiler_gnu=yes
ac_cv_cxx_compiler_gnu=yes
ac_cv_env_CCC_set=
ac_cv_env_CCC_value=
ac_cv_env_CC_set=
ac_cv_env_CC_value=
ac_cv_env_CFLAGS_set=
ac_cv_env_CFLAGS_value=
ac_cv_env_CPPFLAGS_set=
ac_cv_env_CPPFLAGS_value=
ac_cv_env_CPP_set=
ac_cv_env_CPP_value=
ac_cv_env_CXXCPP_set=
ac_cv_env_CXXCPP_value=
ac_cv_env_CXXFLAGS_set=
ac_cv_env_CXXFLAGS_value=
ac_cv_env_CXX_set=
ac_cv_env_CXX_value=
ac_cv_env_LDFLAGS_set=
ac_cv_env_LDFLAGS_value=
ac_cv_env_LIBS_set=
ac_cv_env_LIBS_value=
ac_cv_env_build_alias_set=
ac_cv_env_build_alias_value=
ac_cv_env_host_alias_set=
ac_cv_env_host_alias_value=
ac_cv_env_target_alias_set=
ac_cv_env_target_alias_value=
ac_cv_header_dlfcn_h=yes
ac_cv_header_inttypes_h=yes
ac_cv_header_memory_h=yes
ac_cv_header_stdc=yes
ac_cv_header_stdint_h=yes
ac_cv_header_stdlib_h=yes
ac_cv_header_string_h=yes
ac_cv_header_strings_h=yes
ac_cv_header_sys_stat_h=yes
ac_cv_header_sys_types_h=yes
ac_cv_header_unistd_h=yes
ac_cv_host=x86_64-unknown-linux-gnu
ac_cv_objext=o
ac_cv_path_EGREP='/bin/grep -E'
ac_cv_path_FGREP='/bin/grep -F'
ac_cv_path_GREP=/bin/grep
ac_cv_path_SED=/bin/sed
ac_cv_path_install='/bin/install -c'
ac_cv_path_mkdir=/bin/mkdir
ac_cv_prog_AWK=gawk
ac_cv_prog_CPP='gcc -E'
ac_cv_prog_CXXCPP='g++ -E'
ac_cv_prog_ac_ct_AR=ar
ac_cv_prog_ac_ct_CC=gcc
ac_cv_prog_ac_ct_CXX=g++
ac_cv_prog_ac_ct_OBJDUMP=objdump
ac_cv_prog_ac_ct_RANLIB=ranlib
ac_cv_prog_ac_ct_STRIP=strip
ac_cv_prog_cc_c89=
ac_cv_prog_cc_g=yes
ac_cv_prog_cxx_g=yes
ac_cv_prog_make_make_set=yes
am_cv_CC_dependencies_compiler_type=gcc3
am_cv_CXX_dependencies_compiler_type=gcc3
am_cv_make_support_nested_variables=yes
lt_cv_ar_at_file=@
lt_cv_archive_cmds_need_lc=no
lt_cv_deplibs_check_method=pass_all
lt_cv_file_magic_cmd='$MAGIC_CMD'
lt_cv_file_magic_test_file=
lt_cv_ld_reload_flag=-r
lt_cv_nm_interface='BSD nm'
lt_cv_objdir=.libs
lt_cv_path_LD=/bin/ld
lt_cv_path_LDCXX='/bin/ld -m elf_x86_64'
lt_cv_path_NM='/bin/nm -B'
lt_cv_path_mainfest_tool=no
lt_cv_prog_compiler_c_o=yes
lt_cv_prog_compiler_c_o_CXX=yes
lt_cv_prog_compiler_pic='-fPIC -DPIC'
lt_cv_prog_compiler_pic_CXX='-fPIC -DPIC'
lt_cv_prog_compiler_pic_works=yes
lt_cv_prog_compiler_pic_works_CXX=yes
lt_cv_prog_compiler_rtti_exceptions=no
lt_cv_prog_compiler_static_works=no
lt_cv_prog_compiler_static_works_CXX=no
lt_cv_prog_gnu_ld=yes
lt_cv_prog_gnu_ldcxx=yes
lt_cv_sharedlib_from_linklib_cmd='printf %s\n'
lt_cv_shlibpath_overrides_runpath=no
lt_cv_sys_global_symbol_pipe='sed -n -e '\''s/^.*[	 ]\([ABCDGIRSTW][ABCDGIRSTW]*\)[	 ][	 ]*\([_A-Za-z][_A-Za-z0-9]*\)$/\1 \2 \2/p'\'' | sed '\''/ __gnu_lto/d'\'''
lt_cv_sys_global_symbol_to_c_name_address='sed -n -e '\''s/^: \([^ ]*\)[ ]*$/  {\"\1\", (void *) 0},/p'\'' -e '\''s/^[ABCDGIRSTW]* \([^ ]*\) \([^ ]*\)$/  {"\2", (void *) \&\2},/p'\'''
lt_cv_sys_global_symbol_to_c_name_address_lib_prefix='sed -n -e '\''s/^: \([^ ]*\)[ ]*$/  {\"\1\", (void *) 0},/p'\'' -e '\''s/^[ABCDGIRSTW]* \([^ ]*\) \(lib[^ ]*\)$/  {"\2", (void *) \&\2},/p'\'' -e '\''s/^[ABCDGIRSTW]* \([^ ]*\) \([^ ]*\)$/  {"lib\2", (void *) \&\2},/p'\'''
lt_cv_sys_global_symbol_to_cdecl='sed -n -e '\''s/^T .* \(.*\)$/extern int \1();/p'\'' -e '\''s/^[ABCDGIRSTW]* .* \(.*\)$/extern char \1;/p'\'''
lt_cv_sys_max_cmd_len=1572864
lt_cv_to_host_file_cmd=func_convert_file_noop
lt_cv_to_tool_file_cmd=func_convert_file_noop

## ----------------- ##
## Output variables. ##
## ----------------- ##

ACLOCAL='aclocal-1.13'
AMDEPBACKSLASH='\'
AMDEP_FALSE='#'
AMDEP_TRUE=''
AMTAR='$${TAR-tar}'
AM_BACKSLASH='\'
AM_DEFAULT_V='$(AM_DEFAULT_VERBOSITY)'
AM_DEFAULT_VERBOSITY='1'
AM_V='$(V)'
AR='ar'
AUTOCONF='autoconf'
AUTOHEADER='autoheader'
AUTOMAKE='automake-1.13'
AWK='gawk'
CC='gcc'
CCDEPMODE='depmode=gcc3'
CFLAGS='-g -O2 -Wall -Wextra -Wformat-nonliteral -Wformat-security -Wswitch-default -Wswitch-enum -Wunused-parameter -Wfloat-equal -Werror -DDEBUG -g -O1'
CPP='gcc -E'
CPPFLAGS=''
CXX='g++'
CXXCPP='g++ -E'
CXXDEPMODE='depmode=gcc3'
CXXFLAGS='-g -O2 -Wall -Wextra -Wformat-nonliteral -Wformat-security -Wswitch-default -Wswitch-enum -Wunused-parameter -Wfloat-equal -Werror -DDEBUG -g -O1 -DDEBUG -g -O1'
CYGPATH_W='echo'
DEFS='-DHAVE_CONFIG_H'
DEPDIR='.deps'
DLLTOOL='false'
DSYMUTIL=''
DUMPBIN=''
ECHO_C=''
ECHO_N='-n'
ECHO_T=''
EGREP='/bin/grep -E'
EXEEXT=''
FGREP='/bin/grep -F'
GREP='/bin/grep'
INSTALL_DATA='${INSTALL} -m 644'
INSTALL_PROGRAM='${INSTALL}'
INSTALL_SCRIPT='${INSTALL}'
INSTALL_STRIP_PROGRAM='$(install_sh) -c -s'
LD='/bin/ld -m elf_x86_64'
LDFLAGS=''
LIBGTU_AGE='0'
LIBGTU_CURRENT='0'
LIBGTU_REVISION='0'
LIBOBJS=''
LIBS=''
LIBTOOL='$(SHELL) $(top_builddir)/libtool'
LIPO=''
LN_S='ln -s'
LTLIBOBJS=''
MAKEINFO='makeinfo'
MANIFEST_TOOL=':'
MKDIR_P='/bin/mkdir -p'
NM='/bin/nm -B'
NMEDIT=''
OBJDUMP='objdump'
OBJEXT='o'
OTOOL64=''
OTOOL=''
PACKAGE='libgtextutils'
PACKAGE_BUGREPORT='A. Gordon assafgordon@gmail.com'
PACKAGE_NAME='Gordon-Text_utils-Library'
PACKAGE_STRING='Gordon-Text_utils-Library 0.7'
PACKAGE_TARNAME='libgtextutils'
PACKAGE_URL=''
PACKAGE_VERSION='0.7'
PATH_SEPARATOR=':'
RANLIB='ranlib'
SED='/bin/sed'
SET_MAKE=''
SHELL='/bin/sh'
STRIP='strip'
TUPLE_PARSER_CHECK_FALSE=''
TUPLE_PARSER_CHECK_TRUE='#'
VERSION='0.7'
ac_ct_AR='ar'
ac_ct_CC='gcc'
ac_ct_CXX='g++'
ac_ct_DUMPBIN=''
am__EXEEXT_FALSE=''
am__EXEEXT_TRUE='#'
am__fastdepCC_FALSE='#'
am__fastdepCC_TRUE=''
am__fastdepCXX_FALSE='#'
am__fastdepCXX_TRUE=''
am__include='include'
am__isrc=''
am__leading_dot='.'
am__nodep='_no'
am__quote=''
am__tar='$${TAR-tar} chof - "$$tardir"'
am__untar='$${TAR-tar} xf -'
bindir='${exec_prefix}/bin'
build='x86_64-unknown-linux-gnu'
build_alias=''
build_cpu='x86_64'
build_os='linux-gnu'
build_vendor='unknown'
datadir='${datarootdir}'
datarootdir='${prefix}/share'
docdir='${datarootdir}/doc/${PACKAGE_TARNAME}'
dvidir='${docdir}'
exec_prefix='${prefix}'
host='x86_64-unknown-linux-gnu'
host_alias=''
host_cpu='x86_64'
host_os='linux-gnu'
host_vendor='unknown'
htmldir='${docdir}'
includedir='${prefix}/include'
infodir='${datarootdir}/info'
install_sh='${SHELL} /home/gosuzombie/Desktop/bowtie/tools/libgtextutils-0.7/config/install-sh'
libdir='${exec_prefix}/lib'
libexecdir='${exec_prefix}/libexec'
localedir='${datarootdir}/locale'
localstatedir='${prefix}/var'
mandir='${datarootdir}/man'
mkdir_p='$(MKDIR_P)'
oldincludedir='/usr/include'
pdfdir='${docdir}'
prefix='/usr/local'
program_transform_name='s,x,x,'
psdir='${docdir}'
sbindir='${exec_prefix}/sbin'
sharedstatedir='${prefix}/com'
sysconfdir='${prefix}/etc'
target_alias=''

## ----------- ##
## confdefs.h. ##
## ----------- ##

/* confdefs.h */
#define PACKAGE_NAME "Gordon-Text_utils-Library"
#define PACKAGE_TARNAME "libgtextutils"
#define PACKAGE_VERSION "0.7"
#define PACKAGE_STRING "Gordon-Text_utils-Library 0.7"
#define PACKAGE_BUGREPORT "A. Gordon assafgordon@gmail.com"
#define PACKAGE_URL ""
#define PACKAGE "libgtextutils"
#define VERSION "0.7"
#define STDC_HEADERS 1
#define HAVE_SYS_TYPES_H 1
#define HAVE_SYS_STAT_H 1
#define HAVE_STDLIB_H 1
#define HAVE_STRING_H 1
#define HAVE_MEMORY_H 1
#define HAVE_STRINGS_H 1
#define HAVE_INTTYPES_H 1
#define HAVE_STDINT_H 1
#define HAVE_UNISTD_H 1
#define HAVE_DLFCN_H 1
#define LT_OBJDIR ".libs/"

configure: exit 0
