This file contains any messages produced by compilers while
running configure, to aid debugging if configure makes a mistake.

It was created by vcftools configure UNKNOWN, which was
generated by GNU Autoconf 2.69.  Invocation command line was

  $ ./configure --no-create --no-recursion

## --------- ##
## Platform. ##
## --------- ##

hostname = localhost.localdomain
uname -m = x86_64
uname -r = 3.10.0-229.el7.x86_64
uname -s = Linux
uname -v = #1 SMP Fri Mar 6 11:36:42 UTC 2015

/usr/bin/uname -p = x86_64
/bin/uname -X     = unknown

/bin/arch              = x86_64
/usr/bin/arch -k       = unknown
/usr/convex/getsysinfo = unknown
/usr/bin/hostinfo      = unknown
/bin/machine           = unknown
/usr/bin/oslevel       = unknown
/bin/universe          = unknown

PATH: /usr/local/bin
PATH: /usr/local/sbin
PATH: /usr/bin
PATH: /usr/sbin
PATH: /bin
PATH: /sbin
PATH: /home/gosuzombie/.local/bin
PATH: /home/gosuzombie/bin


## ----------- ##
## Core tests. ##
## ----------- ##

configure:2455: checking for a BSD-compatible install
configure:2523: result: /usr/bin/install -c
configure:2534: checking whether build environment is sane
configure:2589: result: yes
configure:2740: checking for a thread-safe mkdir -p
configure:2779: result: /usr/bin/mkdir -p
configure:2786: checking for gawk
configure:2802: found /usr/bin/gawk
configure:2813: result: gawk
configure:2824: checking whether make sets $(MAKE)
configure:2846: result: yes
configure:2875: checking whether make supports nested variables
configure:2892: result: yes
configure:3036: checking for g++
configure:3052: found /usr/bin/g++
configure:3063: result: g++
configure:3090: checking for C++ compiler version
configure:3099: g++ --version >&5
g++ (GCC) 4.8.5 20150623 (Red Hat 4.8.5-4)
Copyright (C) 2015 Free Software Foundation, Inc.
This is free software; see the source for copying conditions.  There is NO
warranty; not even for MERCHANTABILITY or FITNESS FOR A PARTICULAR PURPOSE.

configure:3110: $? = 0
configure:3099: g++ -v >&5
Using built-in specs.
COLLECT_GCC=g++
COLLECT_LTO_WRAPPER=/usr/libexec/gcc/x86_64-redhat-linux/4.8.5/lto-wrapper
Target: x86_64-redhat-linux
Configured with: ../configure --prefix=/usr --mandir=/usr/share/man --infodir=/usr/share/info --with-bugurl=http://bugzilla.redhat.com/bugzilla --enable-bootstrap --enable-shared --enable-threads=posix --enable-checking=release --with-system-zlib --enable-__cxa_atexit --disable-libunwind-exceptions --enable-gnu-unique-object --enable-linker-build-id --with-linker-hash-style=gnu --enable-languages=c,c++,objc,obj-c++,java,fortran,ada,go,lto --enable-plugin --enable-initfini-array --disable-libgcj --with-isl=/builddir/build/BUILD/gcc-4.8.5-20150702/obj-x86_64-redhat-linux/isl-install --with-cloog=/builddir/build/BUILD/gcc-4.8.5-20150702/obj-x86_64-redhat-linux/cloog-install --enable-gnu-indirect-function --with-tune=generic --with-arch_32=x86-64 --build=x86_64-redhat-linux
Thread model: posix
gcc version 4.8.5 20150623 (Red Hat 4.8.5-4) (GCC) 
configure:3110: $? = 0
configure:3099: g++ -V >&5
g++: error: unrecognized command line option '-V'
g++: fatal error: no input files
compilation terminated.
configure:3110: $? = 4
configure:3099: g++ -qversion >&5
g++: error: unrecognized command line option '-qversion'
g++: fatal error: no input files
compilation terminated.
configure:3110: $? = 4
configure:3130: checking whether the C++ compiler works
configure:3152: g++    conftest.cpp  >&5
configure:3156: $? = 0
configure:3204: result: yes
configure:3207: checking for C++ compiler default output file name
configure:3209: result: a.out
configure:3215: checking for suffix of executables
configure:3222: g++ -o conftest    conftest.cpp  >&5
configure:3226: $? = 0
configure:3248: result: 
configure:3270: checking whether we are cross compiling
configure:3278: g++ -o conftest    conftest.cpp  >&5
configure:3282: $? = 0
configure:3289: ./conftest
configure:3293: $? = 0
configure:3308: result: no
configure:3313: checking for suffix of object files
configure:3335: g++ -c   conftest.cpp >&5
configure:3339: $? = 0
configure:3360: result: o
configure:3364: checking whether we are using the GNU C++ compiler
configure:3383: g++ -c   conftest.cpp >&5
configure:3383: $? = 0
configure:3392: result: yes
configure:3401: checking whether g++ accepts -g
configure:3421: g++ -c -g  conftest.cpp >&5
configure:3421: $? = 0
configure:3462: result: yes
configure:3496: checking for style of include used by make
configure:3524: result: GNU
configure:3550: checking dependency style of g++
configure:3661: result: gcc3
configure:3724: checking for gcc
configure:3740: found /usr/bin/gcc
configure:3751: result: gcc
configure:3980: checking for C compiler version
configure:3989: gcc --version >&5
gcc (GCC) 4.8.5 20150623 (Red Hat 4.8.5-4)
Copyright (C) 2015 Free Software Foundation, Inc.
This is free software; see the source for copying conditions.  There is NO
warranty; not even for MERCHANTABILITY or FITNESS FOR A PARTICULAR PURPOSE.

configure:4000: $? = 0
configure:3989: gcc -v >&5
Using built-in specs.
COLLECT_GCC=gcc
COLLECT_LTO_WRAPPER=/usr/libexec/gcc/x86_64-redhat-linux/4.8.5/lto-wrapper
Target: x86_64-redhat-linux
Configured with: ../configure --prefix=/usr --mandir=/usr/share/man --infodir=/usr/share/info --with-bugurl=http://bugzilla.redhat.com/bugzilla --enable-bootstrap --enable-shared --enable-threads=posix --enable-checking=release --with-system-zlib --enable-__cxa_atexit --disable-libunwind-exceptions --enable-gnu-unique-object --enable-linker-build-id --with-linker-hash-style=gnu --enable-languages=c,c++,objc,obj-c++,java,fortran,ada,go,lto --enable-plugin --enable-initfini-array --disable-libgcj --with-isl=/builddir/build/BUILD/gcc-4.8.5-20150702/obj-x86_64-redhat-linux/isl-install --with-cloog=/builddir/build/BUILD/gcc-4.8.5-20150702/obj-x86_64-redhat-linux/cloog-install --enable-gnu-indirect-function --with-tune=generic --with-arch_32=x86-64 --build=x86_64-redhat-linux
Thread model: posix
gcc version 4.8.5 20150623 (Red Hat 4.8.5-4) (GCC) 
configure:4000: $? = 0
configure:3989: gcc -V >&5
gcc: error: unrecognized command line option '-V'
gcc: fatal error: no input files
compilation terminated.
configure:4000: $? = 4
configure:3989: gcc -qversion >&5
gcc: error: unrecognized command line option '-qversion'
gcc: fatal error: no input files
compilation terminated.
configure:4000: $? = 4
configure:4004: checking whether we are using the GNU C compiler
configure:4023: gcc -c   conftest.c >&5
configure:4023: $? = 0
configure:4032: result: yes
configure:4041: checking whether gcc accepts -g
configure:4061: gcc -c -g  conftest.c >&5
configure:4061: $? = 0
configure:4102: result: yes
configure:4119: checking for gcc option to accept ISO C89
configure:4182: gcc  -c -g -O2  conftest.c >&5
configure:4182: $? = 0
configure:4195: result: none needed
configure:4217: checking dependency style of gcc
configure:4328: result: gcc3
configure:4348: checking how to run the C preprocessor
configure:4379: gcc -E  conftest.c
configure:4379: $? = 0
configure:4393: gcc -E  conftest.c
conftest.c:11:28: fatal error: ac_nonexistent.h: No such file or directory
 #include <ac_nonexistent.h>
                            ^
compilation terminated.
configure:4393: $? = 1
configure: failed program was:
| /* confdefs.h */
| #define PACKAGE_NAME "vcftools"
| #define PACKAGE_TARNAME "vcftools"
| #define PACKAGE_VERSION "UNKNOWN"
| #define PACKAGE_STRING "vcftools UNKNOWN"
| #define PACKAGE_BUGREPORT "https://github.com/vcftools/vcftools/issues"
| #define PACKAGE_URL ""
| #define PACKAGE "vcftools"
| #define VERSION "UNKNOWN"
| /* end confdefs.h.  */
| #include <ac_nonexistent.h>
configure:4418: result: gcc -E
configure:4438: gcc -E  conftest.c
configure:4438: $? = 0
configure:4452: gcc -E  conftest.c
conftest.c:11:28: fatal error: ac_nonexistent.h: No such file or directory
 #include <ac_nonexistent.h>
                            ^
compilation terminated.
configure:4452: $? = 1
configure: failed program was:
| /* confdefs.h */
| #define PACKAGE_NAME "vcftools"
| #define PACKAGE_TARNAME "vcftools"
| #define PACKAGE_VERSION "UNKNOWN"
| #define PACKAGE_STRING "vcftools UNKNOWN"
| #define PACKAGE_BUGREPORT "https://github.com/vcftools/vcftools/issues"
| #define PACKAGE_URL ""
| #define PACKAGE "vcftools"
| #define VERSION "UNKNOWN"
| /* end confdefs.h.  */
| #include <ac_nonexistent.h>
configure:4486: checking for perl
configure:4504: found /usr/bin/perl
configure:4516: result: /usr/bin/perl
configure:4604: checking for pkg-config
configure:4622: found /usr/bin/pkg-config
configure:4634: result: /usr/bin/pkg-config
configure:4659: checking pkg-config is at least version 0.9.0
configure:4662: result: yes
configure:4672: checking for ZLIB
configure:4679: $PKG_CONFIG --exists --print-errors "zlib"
configure:4682: $? = 0
configure:4696: $PKG_CONFIG --exists --print-errors "zlib"
configure:4699: $? = 0
configure:4757: result: yes
configure:4765: checking for grep that handles long lines and -e
configure:4823: result: /usr/bin/grep
configure:4828: checking for egrep
configure:4890: result: /usr/bin/grep -E
configure:4895: checking for ANSI C header files
configure:4915: gcc -c -g -O2  conftest.c >&5
configure:4915: $? = 0
configure:4988: gcc -o conftest -g -O2   conftest.c  >&5
configure:4988: $? = 0
configure:4988: ./conftest
configure:4988: $? = 0
configure:4999: result: yes
configure:5012: checking for sys/types.h
configure:5012: gcc -c -g -O2  conftest.c >&5
configure:5012: $? = 0
configure:5012: result: yes
configure:5012: checking for sys/stat.h
configure:5012: gcc -c -g -O2  conftest.c >&5
configure:5012: $? = 0
configure:5012: result: yes
configure:5012: checking for stdlib.h
configure:5012: gcc -c -g -O2  conftest.c >&5
configure:5012: $? = 0
configure:5012: result: yes
configure:5012: checking for string.h
configure:5012: gcc -c -g -O2  conftest.c >&5
configure:5012: $? = 0
configure:5012: result: yes
configure:5012: checking for memory.h
configure:5012: gcc -c -g -O2  conftest.c >&5
configure:5012: $? = 0
configure:5012: result: yes
configure:5012: checking for strings.h
configure:5012: gcc -c -g -O2  conftest.c >&5
configure:5012: $? = 0
configure:5012: result: yes
configure:5012: checking for inttypes.h
configure:5012: gcc -c -g -O2  conftest.c >&5
configure:5012: $? = 0
configure:5012: result: yes
configure:5012: checking for stdint.h
configure:5012: gcc -c -g -O2  conftest.c >&5
configure:5012: $? = 0
configure:5012: result: yes
configure:5012: checking for unistd.h
configure:5012: gcc -c -g -O2  conftest.c >&5
configure:5012: $? = 0
configure:5012: result: yes
configure:5027: checking arpa/inet.h usability
configure:5027: gcc -c -g -O2  conftest.c >&5
configure:5027: $? = 0
configure:5027: result: yes
configure:5027: checking arpa/inet.h presence
configure:5027: gcc -E  conftest.c
configure:5027: $? = 0
configure:5027: result: yes
configure:5027: checking for arpa/inet.h
configure:5027: result: yes
configure:5027: checking fcntl.h usability
configure:5027: gcc -c -g -O2  conftest.c >&5
configure:5027: $? = 0
configure:5027: result: yes
configure:5027: checking fcntl.h presence
configure:5027: gcc -E  conftest.c
configure:5027: $? = 0
configure:5027: result: yes
configure:5027: checking for fcntl.h
configure:5027: result: yes
configure:5027: checking limits.h usability
configure:5027: gcc -c -g -O2  conftest.c >&5
configure:5027: $? = 0
configure:5027: result: yes
configure:5027: checking limits.h presence
configure:5027: gcc -E  conftest.c
configure:5027: $? = 0
configure:5027: result: yes
configure:5027: checking for limits.h
configure:5027: result: yes
configure:5027: checking netdb.h usability
configure:5027: gcc -c -g -O2  conftest.c >&5
configure:5027: $? = 0
configure:5027: result: yes
configure:5027: checking netdb.h presence
configure:5027: gcc -E  conftest.c
configure:5027: $? = 0
configure:5027: result: yes
configure:5027: checking for netdb.h
configure:5027: result: yes
configure:5027: checking for stdint.h
configure:5027: result: yes
configure:5027: checking for stdlib.h
configure:5027: result: yes
configure:5027: checking for string.h
configure:5027: result: yes
configure:5027: checking sys/socket.h usability
configure:5027: gcc -c -g -O2  conftest.c >&5
configure:5027: $? = 0
configure:5027: result: yes
configure:5027: checking sys/socket.h presence
configure:5027: gcc -E  conftest.c
configure:5027: $? = 0
configure:5027: result: yes
configure:5027: checking for sys/socket.h
configure:5027: result: yes
configure:5027: checking for unistd.h
configure:5027: result: yes
configure:5039: checking for stdbool.h that conforms to C99
configure:5106: gcc -c -g -O2  conftest.c >&5
configure:5106: $? = 0
configure:5113: result: yes
configure:5115: checking for _Bool
configure:5115: gcc -c -g -O2  conftest.c >&5
configure:5115: $? = 0
configure:5115: gcc -c -g -O2  conftest.c >&5
conftest.c: In function 'main':
conftest.c:66:20: error: expected expression before ')' token
 if (sizeof ((_Bool)))
                    ^
configure:5115: $? = 1
configure: failed program was:
| /* confdefs.h */
| #define PACKAGE_NAME "vcftools"
| #define PACKAGE_TARNAME "vcftools"
| #define PACKAGE_VERSION "UNKNOWN"
| #define PACKAGE_STRING "vcftools UNKNOWN"
| #define PACKAGE_BUGREPORT "https://github.com/vcftools/vcftools/issues"
| #define PACKAGE_URL ""
| #define PACKAGE "vcftools"
| #define VERSION "UNKNOWN"
| #define STDC_HEADERS 1
| #define HAVE_SYS_TYPES_H 1
| #define HAVE_SYS_STAT_H 1
| #define HAVE_STDLIB_H 1
| #define HAVE_STRING_H 1
| #define HAVE_MEMORY_H 1
| #define HAVE_STRINGS_H 1
| #define HAVE_INTTYPES_H 1
| #define HAVE_STDINT_H 1
| #define HAVE_UNISTD_H 1
| #define HAVE_ARPA_INET_H 1
| #define HAVE_FCNTL_H 1
| #define HAVE_LIMITS_H 1
| #define HAVE_NETDB_H 1
| #define HAVE_STDINT_H 1
| #define HAVE_STDLIB_H 1
| #define HAVE_STRING_H 1
| #define HAVE_SYS_SOCKET_H 1
| #define HAVE_UNISTD_H 1
| /* end confdefs.h.  */
| #include <stdio.h>
| #ifdef HAVE_SYS_TYPES_H
| # include <sys/types.h>
| #endif
| #ifdef HAVE_SYS_STAT_H
| # include <sys/stat.h>
| #endif
| #ifdef STDC_HEADERS
| # include <stdlib.h>
| # include <stddef.h>
| #else
| # ifdef HAVE_STDLIB_H
| #  include <stdlib.h>
| # endif
| #endif
| #ifdef HAVE_STRING_H
| # if !defined STDC_HEADERS && defined HAVE_MEMORY_H
| #  include <memory.h>
| # endif
| # include <string.h>
| #endif
| #ifdef HAVE_STRINGS_H
| # include <strings.h>
| #endif
| #ifdef HAVE_INTTYPES_H
| # include <inttypes.h>
| #endif
| #ifdef HAVE_STDINT_H
| # include <stdint.h>
| #endif
| #ifdef HAVE_UNISTD_H
| # include <unistd.h>
| #endif
| int
| main ()
| {
| if (sizeof ((_Bool)))
| 	    return 0;
|   ;
|   return 0;
| }
configure:5115: result: yes
configure:5132: checking for inline
configure:5148: gcc -c -g -O2  conftest.c >&5
configure:5148: $? = 0
configure:5156: result: inline
configure:5174: checking for int16_t
configure:5174: gcc -c -g -O2  conftest.c >&5
configure:5174: $? = 0
configure:5174: gcc -c -g -O2  conftest.c >&5
conftest.c: In function 'main':
conftest.c:69:12: error: size of array 'test_array' is negative
 static int test_array [1 - 2 * !((int16_t) (((((int16_t) 1 << N) << N) - 1) * 2 + 1)
            ^
configure:5174: $? = 1
configure: failed program was:
| /* confdefs.h */
| #define PACKAGE_NAME "vcftools"
| #define PACKAGE_TARNAME "vcftools"
| #define PACKAGE_VERSION "UNKNOWN"
| #define PACKAGE_STRING "vcftools UNKNOWN"
| #define PACKAGE_BUGREPORT "https://github.com/vcftools/vcftools/issues"
| #define PACKAGE_URL ""
| #define PACKAGE "vcftools"
| #define VERSION "UNKNOWN"
| #define STDC_HEADERS 1
| #define HAVE_SYS_TYPES_H 1
| #define HAVE_SYS_STAT_H 1
| #define HAVE_STDLIB_H 1
| #define HAVE_STRING_H 1
| #define HAVE_MEMORY_H 1
| #define HAVE_STRINGS_H 1
| #define HAVE_INTTYPES_H 1
| #define HAVE_STDINT_H 1
| #define HAVE_UNISTD_H 1
| #define HAVE_ARPA_INET_H 1
| #define HAVE_FCNTL_H 1
| #define HAVE_LIMITS_H 1
| #define HAVE_NETDB_H 1
| #define HAVE_STDINT_H 1
| #define HAVE_STDLIB_H 1
| #define HAVE_STRING_H 1
| #define HAVE_SYS_SOCKET_H 1
| #define HAVE_UNISTD_H 1
| #define HAVE__BOOL 1
| #define HAVE_STDBOOL_H 1
| /* end confdefs.h.  */
| #include <stdio.h>
| #ifdef HAVE_SYS_TYPES_H
| # include <sys/types.h>
| #endif
| #ifdef HAVE_SYS_STAT_H
| # include <sys/stat.h>
| #endif
| #ifdef STDC_HEADERS
| # include <stdlib.h>
| # include <stddef.h>
| #else
| # ifdef HAVE_STDLIB_H
| #  include <stdlib.h>
| # endif
| #endif
| #ifdef HAVE_STRING_H
| # if !defined STDC_HEADERS && defined HAVE_MEMORY_H
| #  include <memory.h>
| # endif
| # include <string.h>
| #endif
| #ifdef HAVE_STRINGS_H
| # include <strings.h>
| #endif
| #ifdef HAVE_INTTYPES_H
| # include <inttypes.h>
| #endif
| #ifdef HAVE_STDINT_H
| # include <stdint.h>
| #endif
| #ifdef HAVE_UNISTD_H
| # include <unistd.h>
| #endif
| 	        enum { N = 16 / 2 - 1 };
| int
| main ()
| {
| static int test_array [1 - 2 * !((int16_t) (((((int16_t) 1 << N) << N) - 1) * 2 + 1)
| 		 < (int16_t) (((((int16_t) 1 << N) << N) - 1) * 2 + 2))];
| test_array [0] = 0;
| return test_array [0];
| 
|   ;
|   return 0;
| }
configure:5174: result: yes
configure:5185: checking for int32_t
configure:5185: gcc -c -g -O2  conftest.c >&5
configure:5185: $? = 0
configure:5185: gcc -c -g -O2  conftest.c >&5
conftest.c: In function 'main':
conftest.c:70:53: warning: integer overflow in expression [-Woverflow]
    < (int32_t) (((((int32_t) 1 << N) << N) - 1) * 2 + 2))];
                                                     ^
conftest.c:69:12: error: storage size of 'test_array' isn't constant
 static int test_array [1 - 2 * !((int32_t) (((((int32_t) 1 << N) << N) - 1) * 2 + 1)
            ^
configure:5185: $? = 1
configure: failed program was:
| /* confdefs.h */
| #define PACKAGE_NAME "vcftools"
| #define PACKAGE_TARNAME "vcftools"
| #define PACKAGE_VERSION "UNKNOWN"
| #define PACKAGE_STRING "vcftools UNKNOWN"
| #define PACKAGE_BUGREPORT "https://github.com/vcftools/vcftools/issues"
| #define PACKAGE_URL ""
| #define PACKAGE "vcftools"
| #define VERSION "UNKNOWN"
| #define STDC_HEADERS 1
| #define HAVE_SYS_TYPES_H 1
| #define HAVE_SYS_STAT_H 1
| #define HAVE_STDLIB_H 1
| #define HAVE_STRING_H 1
| #define HAVE_MEMORY_H 1
| #define HAVE_STRINGS_H 1
| #define HAVE_INTTYPES_H 1
| #define HAVE_STDINT_H 1
| #define HAVE_UNISTD_H 1
| #define HAVE_ARPA_INET_H 1
| #define HAVE_FCNTL_H 1
| #define HAVE_LIMITS_H 1
| #define HAVE_NETDB_H 1
| #define HAVE_STDINT_H 1
| #define HAVE_STDLIB_H 1
| #define HAVE_STRING_H 1
| #define HAVE_SYS_SOCKET_H 1
| #define HAVE_UNISTD_H 1
| #define HAVE__BOOL 1
| #define HAVE_STDBOOL_H 1
| /* end confdefs.h.  */
| #include <stdio.h>
| #ifdef HAVE_SYS_TYPES_H
| # include <sys/types.h>
| #endif
| #ifdef HAVE_SYS_STAT_H
| # include <sys/stat.h>
| #endif
| #ifdef STDC_HEADERS
| # include <stdlib.h>
| # include <stddef.h>
| #else
| # ifdef HAVE_STDLIB_H
| #  include <stdlib.h>
| # endif
| #endif
| #ifdef HAVE_STRING_H
| # if !defined STDC_HEADERS && defined HAVE_MEMORY_H
| #  include <memory.h>
| # endif
| # include <string.h>
| #endif
| #ifdef HAVE_STRINGS_H
| # include <strings.h>
| #endif
| #ifdef HAVE_INTTYPES_H
| # include <inttypes.h>
| #endif
| #ifdef HAVE_STDINT_H
| # include <stdint.h>
| #endif
| #ifdef HAVE_UNISTD_H
| # include <unistd.h>
| #endif
| 	        enum { N = 32 / 2 - 1 };
| int
| main ()
| {
| static int test_array [1 - 2 * !((int32_t) (((((int32_t) 1 << N) << N) - 1) * 2 + 1)
| 		 < (int32_t) (((((int32_t) 1 << N) << N) - 1) * 2 + 2))];
| test_array [0] = 0;
| return test_array [0];
| 
|   ;
|   return 0;
| }
configure:5185: result: yes
configure:5196: checking for int64_t
configure:5196: gcc -c -g -O2  conftest.c >&5
configure:5196: $? = 0
configure:5196: gcc -c -g -O2  conftest.c >&5
conftest.c: In function 'main':
conftest.c:70:53: warning: integer overflow in expression [-Woverflow]
    < (int64_t) (((((int64_t) 1 << N) << N) - 1) * 2 + 2))];
                                                     ^
conftest.c:69:12: error: storage size of 'test_array' isn't constant
 static int test_array [1 - 2 * !((int64_t) (((((int64_t) 1 << N) << N) - 1) * 2 + 1)
            ^
configure:5196: $? = 1
configure: failed program was:
| /* confdefs.h */
| #define PACKAGE_NAME "vcftools"
| #define PACKAGE_TARNAME "vcftools"
| #define PACKAGE_VERSION "UNKNOWN"
| #define PACKAGE_STRING "vcftools UNKNOWN"
| #define PACKAGE_BUGREPORT "https://github.com/vcftools/vcftools/issues"
| #define PACKAGE_URL ""
| #define PACKAGE "vcftools"
| #define VERSION "UNKNOWN"
| #define STDC_HEADERS 1
| #define HAVE_SYS_TYPES_H 1
| #define HAVE_SYS_STAT_H 1
| #define HAVE_STDLIB_H 1
| #define HAVE_STRING_H 1
| #define HAVE_MEMORY_H 1
| #define HAVE_STRINGS_H 1
| #define HAVE_INTTYPES_H 1
| #define HAVE_STDINT_H 1
| #define HAVE_UNISTD_H 1
| #define HAVE_ARPA_INET_H 1
| #define HAVE_FCNTL_H 1
| #define HAVE_LIMITS_H 1
| #define HAVE_NETDB_H 1
| #define HAVE_STDINT_H 1
| #define HAVE_STDLIB_H 1
| #define HAVE_STRING_H 1
| #define HAVE_SYS_SOCKET_H 1
| #define HAVE_UNISTD_H 1
| #define HAVE__BOOL 1
| #define HAVE_STDBOOL_H 1
| /* end confdefs.h.  */
| #include <stdio.h>
| #ifdef HAVE_SYS_TYPES_H
| # include <sys/types.h>
| #endif
| #ifdef HAVE_SYS_STAT_H
| # include <sys/stat.h>
| #endif
| #ifdef STDC_HEADERS
| # include <stdlib.h>
| # include <stddef.h>
| #else
| # ifdef HAVE_STDLIB_H
| #  include <stdlib.h>
| # endif
| #endif
| #ifdef HAVE_STRING_H
| # if !defined STDC_HEADERS && defined HAVE_MEMORY_H
| #  include <memory.h>
| # endif
| # include <string.h>
| #endif
| #ifdef HAVE_STRINGS_H
| # include <strings.h>
| #endif
| #ifdef HAVE_INTTYPES_H
| # include <inttypes.h>
| #endif
| #ifdef HAVE_STDINT_H
| # include <stdint.h>
| #endif
| #ifdef HAVE_UNISTD_H
| # include <unistd.h>
| #endif
| 	        enum { N = 64 / 2 - 1 };
| int
| main ()
| {
| static int test_array [1 - 2 * !((int64_t) (((((int64_t) 1 << N) << N) - 1) * 2 + 1)
| 		 < (int64_t) (((((int64_t) 1 << N) << N) - 1) * 2 + 2))];
| test_array [0] = 0;
| return test_array [0];
| 
|   ;
|   return 0;
| }
configure:5196: result: yes
configure:5207: checking for int8_t
configure:5207: gcc -c -g -O2  conftest.c >&5
configure:5207: $? = 0
configure:5207: gcc -c -g -O2  conftest.c >&5
conftest.c: In function 'main':
conftest.c:69:12: error: size of array 'test_array' is negative
 static int test_array [1 - 2 * !((int8_t) (((((int8_t) 1 << N) << N) - 1) * 2 + 1)
            ^
configure:5207: $? = 1
configure: failed program was:
| /* confdefs.h */
| #define PACKAGE_NAME "vcftools"
| #define PACKAGE_TARNAME "vcftools"
| #define PACKAGE_VERSION "UNKNOWN"
| #define PACKAGE_STRING "vcftools UNKNOWN"
| #define PACKAGE_BUGREPORT "https://github.com/vcftools/vcftools/issues"
| #define PACKAGE_URL ""
| #define PACKAGE "vcftools"
| #define VERSION "UNKNOWN"
| #define STDC_HEADERS 1
| #define HAVE_SYS_TYPES_H 1
| #define HAVE_SYS_STAT_H 1
| #define HAVE_STDLIB_H 1
| #define HAVE_STRING_H 1
| #define HAVE_MEMORY_H 1
| #define HAVE_STRINGS_H 1
| #define HAVE_INTTYPES_H 1
| #define HAVE_STDINT_H 1
| #define HAVE_UNISTD_H 1
| #define HAVE_ARPA_INET_H 1
| #define HAVE_FCNTL_H 1
| #define HAVE_LIMITS_H 1
| #define HAVE_NETDB_H 1
| #define HAVE_STDINT_H 1
| #define HAVE_STDLIB_H 1
| #define HAVE_STRING_H 1
| #define HAVE_SYS_SOCKET_H 1
| #define HAVE_UNISTD_H 1
| #define HAVE__BOOL 1
| #define HAVE_STDBOOL_H 1
| /* end confdefs.h.  */
| #include <stdio.h>
| #ifdef HAVE_SYS_TYPES_H
| # include <sys/types.h>
| #endif
| #ifdef HAVE_SYS_STAT_H
| # include <sys/stat.h>
| #endif
| #ifdef STDC_HEADERS
| # include <stdlib.h>
| # include <stddef.h>
| #else
| # ifdef HAVE_STDLIB_H
| #  include <stdlib.h>
| # endif
| #endif
| #ifdef HAVE_STRING_H
| # if !defined STDC_HEADERS && defined HAVE_MEMORY_H
| #  include <memory.h>
| # endif
| # include <string.h>
| #endif
| #ifdef HAVE_STRINGS_H
| # include <strings.h>
| #endif
| #ifdef HAVE_INTTYPES_H
| # include <inttypes.h>
| #endif
| #ifdef HAVE_STDINT_H
| # include <stdint.h>
| #endif
| #ifdef HAVE_UNISTD_H
| # include <unistd.h>
| #endif
| 	        enum { N = 8 / 2 - 1 };
| int
| main ()
| {
| static int test_array [1 - 2 * !((int8_t) (((((int8_t) 1 << N) << N) - 1) * 2 + 1)
| 		 < (int8_t) (((((int8_t) 1 << N) << N) - 1) * 2 + 2))];
| test_array [0] = 0;
| return test_array [0];
| 
|   ;
|   return 0;
| }
configure:5207: result: yes
configure:5218: checking for off_t
configure:5218: gcc -c -g -O2  conftest.c >&5
configure:5218: $? = 0
configure:5218: gcc -c -g -O2  conftest.c >&5
conftest.c: In function 'main':
conftest.c:68:20: error: expected expression before ')' token
 if (sizeof ((off_t)))
                    ^
configure:5218: $? = 1
configure: failed program was:
| /* confdefs.h */
| #define PACKAGE_NAME "vcftools"
| #define PACKAGE_TARNAME "vcftools"
| #define PACKAGE_VERSION "UNKNOWN"
| #define PACKAGE_STRING "vcftools UNKNOWN"
| #define PACKAGE_BUGREPORT "https://github.com/vcftools/vcftools/issues"
| #define PACKAGE_URL ""
| #define PACKAGE "vcftools"
| #define VERSION "UNKNOWN"
| #define STDC_HEADERS 1
| #define HAVE_SYS_TYPES_H 1
| #define HAVE_SYS_STAT_H 1
| #define HAVE_STDLIB_H 1
| #define HAVE_STRING_H 1
| #define HAVE_MEMORY_H 1
| #define HAVE_STRINGS_H 1
| #define HAVE_INTTYPES_H 1
| #define HAVE_STDINT_H 1
| #define HAVE_UNISTD_H 1
| #define HAVE_ARPA_INET_H 1
| #define HAVE_FCNTL_H 1
| #define HAVE_LIMITS_H 1
| #define HAVE_NETDB_H 1
| #define HAVE_STDINT_H 1
| #define HAVE_STDLIB_H 1
| #define HAVE_STRING_H 1
| #define HAVE_SYS_SOCKET_H 1
| #define HAVE_UNISTD_H 1
| #define HAVE__BOOL 1
| #define HAVE_STDBOOL_H 1
| /* end confdefs.h.  */
| #include <stdio.h>
| #ifdef HAVE_SYS_TYPES_H
| # include <sys/types.h>
| #endif
| #ifdef HAVE_SYS_STAT_H
| # include <sys/stat.h>
| #endif
| #ifdef STDC_HEADERS
| # include <stdlib.h>
| # include <stddef.h>
| #else
| # ifdef HAVE_STDLIB_H
| #  include <stdlib.h>
| # endif
| #endif
| #ifdef HAVE_STRING_H
| # if !defined STDC_HEADERS && defined HAVE_MEMORY_H
| #  include <memory.h>
| # endif
| # include <string.h>
| #endif
| #ifdef HAVE_STRINGS_H
| # include <strings.h>
| #endif
| #ifdef HAVE_INTTYPES_H
| # include <inttypes.h>
| #endif
| #ifdef HAVE_STDINT_H
| # include <stdint.h>
| #endif
| #ifdef HAVE_UNISTD_H
| # include <unistd.h>
| #endif
| int
| main ()
| {
| if (sizeof ((off_t)))
| 	    return 0;
|   ;
|   return 0;
| }
configure:5218: result: yes
configure:5229: checking for size_t
configure:5229: gcc -c -g -O2  conftest.c >&5
configure:5229: $? = 0
configure:5229: gcc -c -g -O2  conftest.c >&5
conftest.c: In function 'main':
conftest.c:68:21: error: expected expression before ')' token
 if (sizeof ((size_t)))
                     ^
configure:5229: $? = 1
configure: failed program was:
| /* confdefs.h */
| #define PACKAGE_NAME "vcftools"
| #define PACKAGE_TARNAME "vcftools"
| #define PACKAGE_VERSION "UNKNOWN"
| #define PACKAGE_STRING "vcftools UNKNOWN"
| #define PACKAGE_BUGREPORT "https://github.com/vcftools/vcftools/issues"
| #define PACKAGE_URL ""
| #define PACKAGE "vcftools"
| #define VERSION "UNKNOWN"
| #define STDC_HEADERS 1
| #define HAVE_SYS_TYPES_H 1
| #define HAVE_SYS_STAT_H 1
| #define HAVE_STDLIB_H 1
| #define HAVE_STRING_H 1
| #define HAVE_MEMORY_H 1
| #define HAVE_STRINGS_H 1
| #define HAVE_INTTYPES_H 1
| #define HAVE_STDINT_H 1
| #define HAVE_UNISTD_H 1
| #define HAVE_ARPA_INET_H 1
| #define HAVE_FCNTL_H 1
| #define HAVE_LIMITS_H 1
| #define HAVE_NETDB_H 1
| #define HAVE_STDINT_H 1
| #define HAVE_STDLIB_H 1
| #define HAVE_STRING_H 1
| #define HAVE_SYS_SOCKET_H 1
| #define HAVE_UNISTD_H 1
| #define HAVE__BOOL 1
| #define HAVE_STDBOOL_H 1
| /* end confdefs.h.  */
| #include <stdio.h>
| #ifdef HAVE_SYS_TYPES_H
| # include <sys/types.h>
| #endif
| #ifdef HAVE_SYS_STAT_H
| # include <sys/stat.h>
| #endif
| #ifdef STDC_HEADERS
| # include <stdlib.h>
| # include <stddef.h>
| #else
| # ifdef HAVE_STDLIB_H
| #  include <stdlib.h>
| # endif
| #endif
| #ifdef HAVE_STRING_H
| # if !defined STDC_HEADERS && defined HAVE_MEMORY_H
| #  include <memory.h>
| # endif
| # include <string.h>
| #endif
| #ifdef HAVE_STRINGS_H
| # include <strings.h>
| #endif
| #ifdef HAVE_INTTYPES_H
| # include <inttypes.h>
| #endif
| #ifdef HAVE_STDINT_H
| # include <stdint.h>
| #endif
| #ifdef HAVE_UNISTD_H
| # include <unistd.h>
| #endif
| int
| main ()
| {
| if (sizeof ((size_t)))
| 	    return 0;
|   ;
|   return 0;
| }
configure:5229: result: yes
configure:5240: checking for ssize_t
configure:5240: gcc -c -g -O2  conftest.c >&5
configure:5240: $? = 0
configure:5240: gcc -c -g -O2  conftest.c >&5
conftest.c: In function 'main':
conftest.c:68:22: error: expected expression before ')' token
 if (sizeof ((ssize_t)))
                      ^
configure:5240: $? = 1
configure: failed program was:
| /* confdefs.h */
| #define PACKAGE_NAME "vcftools"
| #define PACKAGE_TARNAME "vcftools"
| #define PACKAGE_VERSION "UNKNOWN"
| #define PACKAGE_STRING "vcftools UNKNOWN"
| #define PACKAGE_BUGREPORT "https://github.com/vcftools/vcftools/issues"
| #define PACKAGE_URL ""
| #define PACKAGE "vcftools"
| #define VERSION "UNKNOWN"
| #define STDC_HEADERS 1
| #define HAVE_SYS_TYPES_H 1
| #define HAVE_SYS_STAT_H 1
| #define HAVE_STDLIB_H 1
| #define HAVE_STRING_H 1
| #define HAVE_MEMORY_H 1
| #define HAVE_STRINGS_H 1
| #define HAVE_INTTYPES_H 1
| #define HAVE_STDINT_H 1
| #define HAVE_UNISTD_H 1
| #define HAVE_ARPA_INET_H 1
| #define HAVE_FCNTL_H 1
| #define HAVE_LIMITS_H 1
| #define HAVE_NETDB_H 1
| #define HAVE_STDINT_H 1
| #define HAVE_STDLIB_H 1
| #define HAVE_STRING_H 1
| #define HAVE_SYS_SOCKET_H 1
| #define HAVE_UNISTD_H 1
| #define HAVE__BOOL 1
| #define HAVE_STDBOOL_H 1
| /* end confdefs.h.  */
| #include <stdio.h>
| #ifdef HAVE_SYS_TYPES_H
| # include <sys/types.h>
| #endif
| #ifdef HAVE_SYS_STAT_H
| # include <sys/stat.h>
| #endif
| #ifdef STDC_HEADERS
| # include <stdlib.h>
| # include <stddef.h>
| #else
| # ifdef HAVE_STDLIB_H
| #  include <stdlib.h>
| # endif
| #endif
| #ifdef HAVE_STRING_H
| # if !defined STDC_HEADERS && defined HAVE_MEMORY_H
| #  include <memory.h>
| # endif
| # include <string.h>
| #endif
| #ifdef HAVE_STRINGS_H
| # include <strings.h>
| #endif
| #ifdef HAVE_INTTYPES_H
| # include <inttypes.h>
| #endif
| #ifdef HAVE_STDINT_H
| # include <stdint.h>
| #endif
| #ifdef HAVE_UNISTD_H
| # include <unistd.h>
| #endif
| int
| main ()
| {
| if (sizeof ((ssize_t)))
| 	    return 0;
|   ;
|   return 0;
| }
configure:5240: result: yes
configure:5251: checking for uint16_t
configure:5251: gcc -c -g -O2  conftest.c >&5
configure:5251: $? = 0
configure:5251: result: yes
configure:5263: checking for uint32_t
configure:5263: gcc -c -g -O2  conftest.c >&5
configure:5263: $? = 0
configure:5263: result: yes
configure:5277: checking for uint8_t
configure:5277: gcc -c -g -O2  conftest.c >&5
configure:5277: $? = 0
configure:5277: result: yes
configure:5300: checking for special C compiler options needed for large files
configure:5345: result: no
configure:5351: checking for _FILE_OFFSET_BITS value needed for large files
configure:5376: gcc -c -g -O2  conftest.c >&5
configure:5376: $? = 0
configure:5408: result: no
configure:5495: checking for error_at_line
configure:5511: gcc -o conftest -g -O2   conftest.c  >&5
configure:5511: $? = 0
configure:5519: result: yes
configure:5532: checking for stdlib.h
configure:5532: result: yes
configure:5542: checking for GNU libc compatible malloc
configure:5566: gcc -o conftest -g -O2   conftest.c  >&5
configure:5566: $? = 0
configure:5566: ./conftest
configure:5566: $? = 0
configure:5576: result: yes
configure:5599: checking for stdlib.h
configure:5599: result: yes
configure:5609: checking for GNU libc compatible realloc
configure:5633: gcc -o conftest -g -O2   conftest.c  >&5
configure:5633: $? = 0
configure:5633: ./conftest
configure:5633: $? = 0
configure:5643: result: yes
configure:5667: checking for gethostbyaddr
configure:5667: gcc -o conftest -g -O2   conftest.c  >&5
configure:5667: $? = 0
configure:5667: result: yes
configure:5667: checking for gethostbyname
configure:5667: gcc -o conftest -g -O2   conftest.c  >&5
configure:5667: $? = 0
configure:5667: result: yes
configure:5667: checking for memset
configure:5667: gcc -o conftest -g -O2   conftest.c  >&5
conftest.c:61:6: warning: conflicting types for built-in function 'memset' [enabled by default]
 char memset ();
      ^
configure:5667: $? = 0
configure:5667: result: yes
configure:5667: checking for pow
configure:5667: gcc -o conftest -g -O2   conftest.c  >&5
conftest.c:62:6: warning: conflicting types for built-in function 'pow' [enabled by default]
 char pow ();
      ^
/tmp/ccFrnCbT.o: In function `main':
/home/gosuzombie/Desktop/SNPpipeline/tools/vcftools/conftest.c:73: undefined reference to `pow'
collect2: error: ld returned 1 exit status
configure:5667: $? = 1
configure: failed program was:
| /* confdefs.h */
| #define PACKAGE_NAME "vcftools"
| #define PACKAGE_TARNAME "vcftools"
| #define PACKAGE_VERSION "UNKNOWN"
| #define PACKAGE_STRING "vcftools UNKNOWN"
| #define PACKAGE_BUGREPORT "https://github.com/vcftools/vcftools/issues"
| #define PACKAGE_URL ""
| #define PACKAGE "vcftools"
| #define VERSION "UNKNOWN"
| #define STDC_HEADERS 1
| #define HAVE_SYS_TYPES_H 1
| #define HAVE_SYS_STAT_H 1
| #define HAVE_STDLIB_H 1
| #define HAVE_STRING_H 1
| #define HAVE_MEMORY_H 1
| #define HAVE_STRINGS_H 1
| #define HAVE_INTTYPES_H 1
| #define HAVE_STDINT_H 1
| #define HAVE_UNISTD_H 1
| #define HAVE_ARPA_INET_H 1
| #define HAVE_FCNTL_H 1
| #define HAVE_LIMITS_H 1
| #define HAVE_NETDB_H 1
| #define HAVE_STDINT_H 1
| #define HAVE_STDLIB_H 1
| #define HAVE_STRING_H 1
| #define HAVE_SYS_SOCKET_H 1
| #define HAVE_UNISTD_H 1
| #define HAVE__BOOL 1
| #define HAVE_STDBOOL_H 1
| #define HAVE_STDLIB_H 1
| #define HAVE_MALLOC 1
| #define HAVE_STDLIB_H 1
| #define HAVE_REALLOC 1
| #define HAVE_GETHOSTBYADDR 1
| #define HAVE_GETHOSTBYNAME 1
| #define HAVE_MEMSET 1
| /* end confdefs.h.  */
| /* Define pow to an innocuous variant, in case <limits.h> declares pow.
|    For example, HP-UX 11i <limits.h> declares gettimeofday.  */
| #define pow innocuous_pow
| 
| /* System header to define __stub macros and hopefully few prototypes,
|     which can conflict with char pow (); below.
|     Prefer <limits.h> to <assert.h> if __STDC__ is defined, since
|     <limits.h> exists even on freestanding compilers.  */
| 
| #ifdef __STDC__
| # include <limits.h>
| #else
| # include <assert.h>
| #endif
| 
| #undef pow
| 
| /* Override any GCC internal prototype to avoid an error.
|    Use char because int might match the return type of a GCC
|    builtin and then its argument prototype would still apply.  */
| #ifdef __cplusplus
| extern "C"
| #endif
| char pow ();
| /* The GNU C library defines this for functions which it implements
|     to always fail with ENOSYS.  Some functions are actually named
|     something starting with __ and the normal name is an alias.  */
| #if defined __stub_pow || defined __stub___pow
| choke me
| #endif
| 
| int
| main ()
| {
| return pow ();
|   ;
|   return 0;
| }
configure:5667: result: no
configure:5667: checking for select
configure:5667: gcc -o conftest -g -O2   conftest.c  >&5
configure:5667: $? = 0
configure:5667: result: yes
configure:5667: checking for socket
configure:5667: gcc -o conftest -g -O2   conftest.c  >&5
configure:5667: $? = 0
configure:5667: result: yes
configure:5667: checking for sqrt
configure:5667: gcc -o conftest -g -O2   conftest.c  >&5
conftest.c:64:6: warning: conflicting types for built-in function 'sqrt' [enabled by default]
 char sqrt ();
      ^
/tmp/ccDx0OqX.o: In function `main':
/home/gosuzombie/Desktop/SNPpipeline/tools/vcftools/conftest.c:75: undefined reference to `sqrt'
collect2: error: ld returned 1 exit status
configure:5667: $? = 1
configure: failed program was:
| /* confdefs.h */
| #define PACKAGE_NAME "vcftools"
| #define PACKAGE_TARNAME "vcftools"
| #define PACKAGE_VERSION "UNKNOWN"
| #define PACKAGE_STRING "vcftools UNKNOWN"
| #define PACKAGE_BUGREPORT "https://github.com/vcftools/vcftools/issues"
| #define PACKAGE_URL ""
| #define PACKAGE "vcftools"
| #define VERSION "UNKNOWN"
| #define STDC_HEADERS 1
| #define HAVE_SYS_TYPES_H 1
| #define HAVE_SYS_STAT_H 1
| #define HAVE_STDLIB_H 1
| #define HAVE_STRING_H 1
| #define HAVE_MEMORY_H 1
| #define HAVE_STRINGS_H 1
| #define HAVE_INTTYPES_H 1
| #define HAVE_STDINT_H 1
| #define HAVE_UNISTD_H 1
| #define HAVE_ARPA_INET_H 1
| #define HAVE_FCNTL_H 1
| #define HAVE_LIMITS_H 1
| #define HAVE_NETDB_H 1
| #define HAVE_STDINT_H 1
| #define HAVE_STDLIB_H 1
| #define HAVE_STRING_H 1
| #define HAVE_SYS_SOCKET_H 1
| #define HAVE_UNISTD_H 1
| #define HAVE__BOOL 1
| #define HAVE_STDBOOL_H 1
| #define HAVE_STDLIB_H 1
| #define HAVE_MALLOC 1
| #define HAVE_STDLIB_H 1
| #define HAVE_REALLOC 1
| #define HAVE_GETHOSTBYADDR 1
| #define HAVE_GETHOSTBYNAME 1
| #define HAVE_MEMSET 1
| #define HAVE_SELECT 1
| #define HAVE_SOCKET 1
| /* end confdefs.h.  */
| /* Define sqrt to an innocuous variant, in case <limits.h> declares sqrt.
|    For example, HP-UX 11i <limits.h> declares gettimeofday.  */
| #define sqrt innocuous_sqrt
| 
| /* System header to define __stub macros and hopefully few prototypes,
|     which can conflict with char sqrt (); below.
|     Prefer <limits.h> to <assert.h> if __STDC__ is defined, since
|     <limits.h> exists even on freestanding compilers.  */
| 
| #ifdef __STDC__
| # include <limits.h>
| #else
| # include <assert.h>
| #endif
| 
| #undef sqrt
| 
| /* Override any GCC internal prototype to avoid an error.
|    Use char because int might match the return type of a GCC
|    builtin and then its argument prototype would still apply.  */
| #ifdef __cplusplus
| extern "C"
| #endif
| char sqrt ();
| /* The GNU C library defines this for functions which it implements
|     to always fail with ENOSYS.  Some functions are actually named
|     something starting with __ and the normal name is an alias.  */
| #if defined __stub_sqrt || defined __stub___sqrt
| choke me
| #endif
| 
| int
| main ()
| {
| return sqrt ();
|   ;
|   return 0;
| }
configure:5667: result: no
configure:5667: checking for strchr
configure:5667: gcc -o conftest -g -O2   conftest.c  >&5
conftest.c:64:6: warning: conflicting types for built-in function 'strchr' [enabled by default]
 char strchr ();
      ^
configure:5667: $? = 0
configure:5667: result: yes
configure:5667: checking for strdup
configure:5667: gcc -o conftest -g -O2   conftest.c  >&5
conftest.c:65:6: warning: conflicting types for built-in function 'strdup' [enabled by default]
 char strdup ();
      ^
configure:5667: $? = 0
configure:5667: result: yes
configure:5667: checking for strerror
configure:5667: gcc -o conftest -g -O2   conftest.c  >&5
configure:5667: $? = 0
configure:5667: result: yes
configure:5667: checking for strstr
configure:5667: gcc -o conftest -g -O2   conftest.c  >&5
conftest.c:67:6: warning: conflicting types for built-in function 'strstr' [enabled by default]
 char strstr ();
      ^
configure:5667: $? = 0
configure:5667: result: yes
configure:5667: checking for strtol
configure:5667: gcc -o conftest -g -O2   conftest.c  >&5
configure:5667: $? = 0
configure:5667: result: yes
configure:5846: checking that generated files are newer than configure
configure:5852: result: done
configure:5879: creating ./config.status

## ---------------- ##
## Cache variables. ##
## ---------------- ##

ac_cv_c_compiler_gnu=yes
ac_cv_c_inline=inline
ac_cv_c_int16_t=yes
ac_cv_c_int32_t=yes
ac_cv_c_int64_t=yes
ac_cv_c_int8_t=yes
ac_cv_c_uint16_t=yes
ac_cv_c_uint32_t=yes
ac_cv_c_uint8_t=yes
ac_cv_cxx_compiler_gnu=yes
ac_cv_env_CCC_set=
ac_cv_env_CCC_value=
ac_cv_env_CC_set=
ac_cv_env_CC_value=
ac_cv_env_CFLAGS_set=
ac_cv_env_CFLAGS_value=
ac_cv_env_CPPFLAGS_set=
ac_cv_env_CPPFLAGS_value=
ac_cv_env_CPP_set=
ac_cv_env_CPP_value=
ac_cv_env_CXXFLAGS_set=
ac_cv_env_CXXFLAGS_value=
ac_cv_env_CXX_set=
ac_cv_env_CXX_value=
ac_cv_env_LDFLAGS_set=
ac_cv_env_LDFLAGS_value=
ac_cv_env_LIBS_set=
ac_cv_env_LIBS_value=
ac_cv_env_PKG_CONFIG_LIBDIR_set=
ac_cv_env_PKG_CONFIG_LIBDIR_value=
ac_cv_env_PKG_CONFIG_PATH_set=
ac_cv_env_PKG_CONFIG_PATH_value=
ac_cv_env_PKG_CONFIG_set=
ac_cv_env_PKG_CONFIG_value=
ac_cv_env_ZLIB_CFLAGS_set=
ac_cv_env_ZLIB_CFLAGS_value=
ac_cv_env_ZLIB_LIBS_set=
ac_cv_env_ZLIB_LIBS_value=
ac_cv_env_build_alias_set=
ac_cv_env_build_alias_value=
ac_cv_env_host_alias_set=
ac_cv_env_host_alias_value=
ac_cv_env_target_alias_set=
ac_cv_env_target_alias_value=
ac_cv_func_gethostbyaddr=yes
ac_cv_func_gethostbyname=yes
ac_cv_func_malloc_0_nonnull=yes
ac_cv_func_memset=yes
ac_cv_func_pow=no
ac_cv_func_realloc_0_nonnull=yes
ac_cv_func_select=yes
ac_cv_func_socket=yes
ac_cv_func_sqrt=no
ac_cv_func_strchr=yes
ac_cv_func_strdup=yes
ac_cv_func_strerror=yes
ac_cv_func_strstr=yes
ac_cv_func_strtol=yes
ac_cv_header_arpa_inet_h=yes
ac_cv_header_fcntl_h=yes
ac_cv_header_inttypes_h=yes
ac_cv_header_limits_h=yes
ac_cv_header_memory_h=yes
ac_cv_header_netdb_h=yes
ac_cv_header_stdbool_h=yes
ac_cv_header_stdc=yes
ac_cv_header_stdint_h=yes
ac_cv_header_stdlib_h=yes
ac_cv_header_string_h=yes
ac_cv_header_strings_h=yes
ac_cv_header_sys_socket_h=yes
ac_cv_header_sys_stat_h=yes
ac_cv_header_sys_types_h=yes
ac_cv_header_unistd_h=yes
ac_cv_lib_error_at_line=yes
ac_cv_objext=o
ac_cv_path_EGREP='/usr/bin/grep -E'
ac_cv_path_GREP=/usr/bin/grep
ac_cv_path_PERL=/usr/bin/perl
ac_cv_path_ac_pt_PKG_CONFIG=/usr/bin/pkg-config
ac_cv_path_install='/usr/bin/install -c'
ac_cv_path_mkdir=/usr/bin/mkdir
ac_cv_prog_AWK=gawk
ac_cv_prog_CPP='gcc -E'
ac_cv_prog_ac_ct_CC=gcc
ac_cv_prog_ac_ct_CXX=g++
ac_cv_prog_cc_c89=
ac_cv_prog_cc_g=yes
ac_cv_prog_cxx_g=yes
ac_cv_prog_make_make_set=yes
ac_cv_sys_file_offset_bits=no
ac_cv_sys_largefile_CC=no
ac_cv_type__Bool=yes
ac_cv_type_off_t=yes
ac_cv_type_size_t=yes
ac_cv_type_ssize_t=yes
am_cv_CC_dependencies_compiler_type=gcc3
am_cv_CXX_dependencies_compiler_type=gcc3
am_cv_make_support_nested_variables=yes
pkg_cv_ZLIB_CFLAGS=' '
pkg_cv_ZLIB_LIBS='-lz  '

## ----------------- ##
## Output variables. ##
## ----------------- ##

ACLOCAL='${SHELL} /home/gosuzombie/Desktop/SNPpipeline/tools/vcftools/missing aclocal-1.13'
AMDEPBACKSLASH='\'
AMDEP_FALSE='#'
AMDEP_TRUE=''
AMTAR='$${TAR-tar}'
AM_BACKSLASH='\'
AM_DEFAULT_V='$(AM_DEFAULT_VERBOSITY)'
AM_DEFAULT_VERBOSITY='1'
AM_V='$(V)'
AUTOCONF='${SHELL} /home/gosuzombie/Desktop/SNPpipeline/tools/vcftools/missing autoconf'
AUTOHEADER='${SHELL} /home/gosuzombie/Desktop/SNPpipeline/tools/vcftools/missing autoheader'
AUTOMAKE='${SHELL} /home/gosuzombie/Desktop/SNPpipeline/tools/vcftools/missing automake-1.13'
AWK='gawk'
CC='gcc'
CCDEPMODE='depmode=gcc3'
CFLAGS='-g -O2'
CPP='gcc -E'
CPPFLAGS=''
CXX='g++'
CXXDEPMODE='depmode=gcc3'
CXXFLAGS='-g -O2'
CYGPATH_W='echo'
DEFS='-DHAVE_CONFIG_H'
DEPDIR='.deps'
ECHO_C=''
ECHO_N='-n'
ECHO_T=''
EGREP='/usr/bin/grep -E'
EXEEXT=''
GREP='/usr/bin/grep'
INSTALL_DATA='${INSTALL} -m 644'
INSTALL_PROGRAM='${INSTALL}'
INSTALL_SCRIPT='${INSTALL}'
INSTALL_STRIP_PROGRAM='$(install_sh) -c -s'
LDFLAGS=''
LIBOBJS=''
LIBS=''
LTLIBOBJS=''
MAKEINFO='${SHELL} /home/gosuzombie/Desktop/SNPpipeline/tools/vcftools/missing makeinfo'
MKDIR_P='/usr/bin/mkdir -p'
OBJEXT='o'
PACKAGE='vcftools'
PACKAGE_BUGREPORT='https://github.com/vcftools/vcftools/issues'
PACKAGE_NAME='vcftools'
PACKAGE_STRING='vcftools UNKNOWN'
PACKAGE_TARNAME='vcftools'
PACKAGE_URL=''
PACKAGE_VERSION='UNKNOWN'
PATH_SEPARATOR=':'
PERL='/usr/bin/perl'
PKG_CONFIG='/usr/bin/pkg-config'
PKG_CONFIG_LIBDIR=''
PKG_CONFIG_PATH=''
PMDIR='${prefix}/share/perl5'
SET_MAKE=''
SHELL='/bin/sh'
STRIP=''
VERSION='UNKNOWN'
ZLIB_CFLAGS=' '
ZLIB_LIBS='-lz  '
ac_ct_CC='gcc'
ac_ct_CXX='g++'
am__EXEEXT_FALSE=''
am__EXEEXT_TRUE='#'
am__fastdepCC_FALSE='#'
am__fastdepCC_TRUE=''
am__fastdepCXX_FALSE='#'
am__fastdepCXX_TRUE=''
am__include='include'
am__isrc=''
am__leading_dot='.'
am__nodep='_no'
am__quote=''
am__tar='$${TAR-tar} chof - "$$tardir"'
am__untar='$${TAR-tar} xf -'
bindir='${exec_prefix}/bin'
build_alias=''
datadir='${datarootdir}'
datarootdir='${prefix}/share'
docdir='${datarootdir}/doc/${PACKAGE_TARNAME}'
dvidir='${docdir}'
exec_prefix='${prefix}'
host_alias=''
htmldir='${docdir}'
includedir='${prefix}/include'
infodir='${datarootdir}/info'
install_sh='${SHELL} /home/gosuzombie/Desktop/SNPpipeline/tools/vcftools/install-sh'
libdir='${exec_prefix}/lib'
libexecdir='${exec_prefix}/libexec'
localedir='${datarootdir}/locale'
localstatedir='${prefix}/var'
mandir='${datarootdir}/man'
mkdir_p='$(MKDIR_P)'
oldincludedir='/usr/include'
pdfdir='${docdir}'
prefix='/usr/local'
program_transform_name='s,x,x,'
psdir='${docdir}'
sbindir='${exec_prefix}/sbin'
sharedstatedir='${prefix}/com'
sysconfdir='${prefix}/etc'
target_alias=''

## ----------- ##
## confdefs.h. ##
## ----------- ##

/* confdefs.h */
#define PACKAGE_NAME "vcftools"
#define PACKAGE_TARNAME "vcftools"
#define PACKAGE_VERSION "UNKNOWN"
#define PACKAGE_STRING "vcftools UNKNOWN"
#define PACKAGE_BUGREPORT "https://github.com/vcftools/vcftools/issues"
#define PACKAGE_URL ""
#define PACKAGE "vcftools"
#define VERSION "UNKNOWN"
#define STDC_HEADERS 1
#define HAVE_SYS_TYPES_H 1
#define HAVE_SYS_STAT_H 1
#define HAVE_STDLIB_H 1
#define HAVE_STRING_H 1
#define HAVE_MEMORY_H 1
#define HAVE_STRINGS_H 1
#define HAVE_INTTYPES_H 1
#define HAVE_STDINT_H 1
#define HAVE_UNISTD_H 1
#define HAVE_ARPA_INET_H 1
#define HAVE_FCNTL_H 1
#define HAVE_LIMITS_H 1
#define HAVE_NETDB_H 1
#define HAVE_STDINT_H 1
#define HAVE_STDLIB_H 1
#define HAVE_STRING_H 1
#define HAVE_SYS_SOCKET_H 1
#define HAVE_UNISTD_H 1
#define HAVE__BOOL 1
#define HAVE_STDBOOL_H 1
#define HAVE_STDLIB_H 1
#define HAVE_MALLOC 1
#define HAVE_STDLIB_H 1
#define HAVE_REALLOC 1
#define HAVE_GETHOSTBYADDR 1
#define HAVE_GETHOSTBYNAME 1
#define HAVE_MEMSET 1
#define HAVE_SELECT 1
#define HAVE_SOCKET 1
#define HAVE_STRCHR 1
#define HAVE_STRDUP 1
#define HAVE_STRERROR 1
#define HAVE_STRSTR 1
#define HAVE_STRTOL 1

configure: exit 0

## ---------------------- ##
## Running config.status. ##
## ---------------------- ##

This file was extended by vcftools config.status UNKNOWN, which was
generated by GNU Autoconf 2.69.  Invocation command line was

  CONFIG_FILES    = 
  CONFIG_HEADERS  = 
  CONFIG_LINKS    = 
  CONFIG_COMMANDS = 
  $ ./config.status 

on localhost.localdomain

config.status:893: creating Makefile
config.status:893: creating src/Makefile
config.status:893: creating src/cpp/Makefile
config.status:893: creating src/perl/Makefile
config.status:893: creating config.h
config.status:1122: executing depfiles commands

## ---------------------- ##
## Running config.status. ##
## ---------------------- ##

This file was extended by vcftools config.status UNKNOWN, which was
generated by GNU Autoconf 2.69.  Invocation command line was

  CONFIG_FILES    = 
  CONFIG_HEADERS  = 
  CONFIG_LINKS    = 
  CONFIG_COMMANDS = 
  $ ./config.status config.h

on localhost.localdomain

config.status:893: creating config.h
config.status:1074: config.h is unchanged
